<?xml version="1.0" encoding="UTF-8"?>
<!-- Generated by org.testng.reporters.JUnitXMLReporter -->
<testsuite ignored="2" hostname="Shamanth" failures="0" tests="9" name="Surefire test" time="55.81" errors="0" timestamp="2026-03-19T21:43:45 IST">
  <testcase classname="com.bankingaccount.tests.AddAccountTest" name="VerifyAddCustomersPageElements" time="2.27"/>
  <testcase classname="com.bankingaccount.tests.AddAccountTest" name="verfyAddCustomerSuccessfully" time="2.109"/>
  <testcase classname="com.bankingaccount.tests.AddAccountTest" name="verifyTheErrorMessageIsDisplayedWhenSubmittingEmptyForm" time="1.971"/>
  <testcase classname="com.bankingaccount.tests.HomePageTest" name="verifyBankManagerLoginButtonFunctionality" time="0.945"/>
  <testcase classname="com.bankingaccount.tests.HomePageTest" name="verifyCustomerLoginButtonFunctionality" time="1.029"/>
  <testcase classname="com.bankingaccount.tests.HomePageTest" name="verifyHomePageButtons" time="0.764"/>
  <testcase classname="com.bankingaccount.tests.OpenAccountTest" name="errorMessageIsDisplayedWhenSubmittingEmptyForm" time="2.331"/>
  <testcase classname="com.bankingaccount.tests.OpenAccountTest" name="openAccountSuccessfully" time="3.106"/>
  <testcase classname="com.bankingaccount.tests.OpenAccountTest" name="verifyOpenAccountPageElements" time="2.25"/>
  <testcase classname="com.bankingaccount.base.BaseClass" name="@BeforeSuite loadConfiguration" time="0.0">
    <ignored/>
  </testcase> <!-- @BeforeSuite loadConfiguration -->
  <testcase classname="com.bankingaccount.base.BaseClass" name="@BeforeSuite loadConfiguration" time="0.0">
    <ignored/>
  </testcase> <!-- @BeforeSuite loadConfiguration -->
</testsuite> <!-- Surefire test -->
