<?xml version="1.0" encoding="UTF-8"?>
<!-- Generated by org.testng.reporters.JUnitXMLReporter -->
<testsuite ignored="2" hostname="Shamanth" failures="1" tests="1" name="Default test" time="48.25" errors="0" timestamp="2026-03-17T12:06:20 IST">
  <testcase classname="com.bankingaccount.tests.AddAccountTest" name="VerifyAddCustomersPageElements" time="43.073">
    <failure type="java.lang.AssertionError" message="Post Code field is not Displayed on the Create Account Page.">
      <![CDATA[java.lang.AssertionError: Post Code field is not Displayed on the Create Account Page.
at com.bankingaccount.pages.AddCustomer.verifyPostCodeIsDisplayed(AddCustomer.java:75)
at com.bankingaccount.tests.AddAccountTest.VerifyAddCustomersPageElements(AddAccountTest.java:31)
at java.base/jdk.internal.reflect.DirectMethodHandleAccessor.invoke(DirectMethodHandleAccessor.java:103)
at java.base/java.lang.reflect.Method.invoke(Method.java:580)
at org.testng.internal.invokers.MethodInvocationHelper.invokeMethod(MethodInvocationHelper.java:141)
at org.testng.internal.invokers.TestInvoker.invokeMethod(TestInvoker.java:686)
at org.testng.internal.invokers.TestInvoker.invokeTestMethod(TestInvoker.java:230)
at org.testng.internal.invokers.MethodRunner.runInSequence(MethodRunner.java:63)
at org.testng.internal.invokers.TestInvoker$MethodInvocationAgent.invoke(TestInvoker.java:992)
at org.testng.internal.invokers.TestInvoker.invokeTestMethods(TestInvoker.java:203)
at org.testng.internal.invokers.TestMethodWorker.invokeTestMethods(TestMethodWorker.java:154)
at org.testng.internal.invokers.TestMethodWorker.run(TestMethodWorker.java:134)
at java.base/java.util.ArrayList.forEach(ArrayList.java:1596)
at org.testng.TestRunner.privateRun(TestRunner.java:739)
at org.testng.TestRunner.run(TestRunner.java:614)
at org.testng.SuiteRunner.runTest(SuiteRunner.java:421)
at org.testng.SuiteRunner.runSequentially(SuiteRunner.java:413)
at org.testng.SuiteRunner.privateRun(SuiteRunner.java:373)
at org.testng.SuiteRunner.run(SuiteRunner.java:312)
at org.testng.SuiteRunnerWorker.runSuite(SuiteRunnerWorker.java:52)
at org.testng.SuiteRunnerWorker.run(SuiteRunnerWorker.java:95)
at org.testng.TestNG.runSuitesSequentially(TestNG.java:1274)
at org.testng.TestNG.runSuitesLocally(TestNG.java:1208)
at org.testng.TestNG.runSuites(TestNG.java:1112)
at org.testng.TestNG.run(TestNG.java:1079)
at org.testng.remote.AbstractRemoteTestNG.run(AbstractRemoteTestNG.java:115)
at org.testng.remote.RemoteTestNG.initAndRun(RemoteTestNG.java:293)
at org.testng.remote.RemoteTestNG.main(RemoteTestNG.java:91)
]]>
    </failure>
  </testcase> <!-- VerifyAddCustomersPageElements -->
  <testcase classname="com.bankingaccount.tests.AddAccountTest" name="verifyTheErrorMessageIsDisplayedWhenSubmittingEmptyForm" time="0.0">
    <ignored/>
  </testcase> <!-- verifyTheErrorMessageIsDisplayedWhenSubmittingEmptyForm -->
  <testcase classname="com.bankingaccount.tests.AddAccountTest" name="verfyAddCustomerSuccessfully" time="0.0">
    <ignored/>
  </testcase> <!-- verfyAddCustomerSuccessfully -->
</testsuite> <!-- Default test -->
