<?xml version="1.0" encoding="UTF-8"?>
<!-- Generated by org.testng.reporters.JUnitXMLReporter -->
<testsuite ignored="2" hostname="Shamanth" failures="0" tests="9" name="BankingAccountTest" time="52.294" errors="0" timestamp="2026-03-19T21:35:01 IST">
  <testcase classname="com.bankingaccount.tests.AddAccountTest" name="VerifyAddCustomersPageElements" time="2.138"/>
  <testcase classname="com.bankingaccount.tests.AddAccountTest" name="verfyAddCustomerSuccessfully" time="2.366"/>
  <testcase classname="com.bankingaccount.tests.AddAccountTest" name="verifyTheErrorMessageIsDisplayedWhenSubmittingEmptyForm" time="2.295"/>
  <testcase classname="com.bankingaccount.tests.HomePageTest" name="verifyBankManagerLoginButtonFunctionality" time="1.172"/>
  <testcase classname="com.bankingaccount.tests.HomePageTest" name="verifyCustomerLoginButtonFunctionality" time="1.157"/>
  <testcase classname="com.bankingaccount.tests.HomePageTest" name="verifyHomePageButtons" time="0.893"/>
  <testcase classname="com.bankingaccount.tests.OpenAccountTest" name="errorMessageIsDisplayedWhenSubmittingEmptyForm" time="3.069"/>
  <testcase classname="com.bankingaccount.tests.OpenAccountTest" name="openAccountSuccessfully" time="4.054"/>
  <testcase classname="com.bankingaccount.tests.OpenAccountTest" name="verifyOpenAccountPageElements" time="2.864"/>
  <testcase classname="com.bankingaccount.base.BaseClass" name="@BeforeSuite loadConfiguration" time="0.0">
    <ignored/>
  </testcase> <!-- @BeforeSuite loadConfiguration -->
  <testcase classname="com.bankingaccount.base.BaseClass" name="@BeforeSuite loadConfiguration" time="0.0">
    <ignored/>
  </testcase> <!-- @BeforeSuite loadConfiguration -->
</testsuite> <!-- BankingAccountTest -->
