<?xml version="1.0" encoding="UTF-8"?>
<!-- Generated by org.testng.reporters.JUnitXMLReporter -->
<testsuite ignored="2" hostname="Shamanth" failures="0" tests="9" name="BankingAccountTest1" time="42.286" errors="0" timestamp="2026-03-14T07:56:37 IST">
  <testcase classname="com.bankingaccount.tests.AddAccountTest" name="VerifyAddCustomersPageElements" time="1.53"/>
  <testcase classname="com.bankingaccount.tests.AddAccountTest" name="verfyAddCustomerSuccessfully" time="1.896"/>
  <testcase classname="com.bankingaccount.tests.AddAccountTest" name="verifyTheErrorMessageIsDisplayedWhenSubmittingEmptyForm" time="2.152"/>
  <testcase classname="com.bankingaccount.tests.HomePageTest" name="verifyBankManagerLoginButtonFunctionality" time="1.128"/>
  <testcase classname="com.bankingaccount.tests.HomePageTest" name="verifyCustomerLoginButtonFunctionality" time="0.997"/>
  <testcase classname="com.bankingaccount.tests.HomePageTest" name="verifyHomePageButtons" time="0.757"/>
  <testcase classname="com.bankingaccount.tests.OpenAccountTest" name="errorMessageIsDisplayedWhenSubmittingEmptyForm" time="2.479"/>
  <testcase classname="com.bankingaccount.tests.OpenAccountTest" name="openAccountSuccessfully" time="3.4"/>
  <testcase classname="com.bankingaccount.tests.OpenAccountTest" name="verifyOpenAccountPageElements" time="2.586"/>
  <testcase classname="com.bankingaccount.base.BaseClass" name="@BeforeSuite loadConfiguration" time="0.0">
    <ignored/>
  </testcase> <!-- @BeforeSuite loadConfiguration -->
  <testcase classname="com.bankingaccount.base.BaseClass" name="@BeforeSuite loadConfiguration" time="0.0">
    <ignored/>
  </testcase> <!-- @BeforeSuite loadConfiguration -->
</testsuite> <!-- BankingAccountTest1 -->
