<?xml version="1.0" encoding="UTF-8"?>
<testsuite xmlns:xsi="http://www.w3.org/2001/XMLSchema-instance" xsi:noNamespaceSchemaLocation="https://maven.apache.org/surefire/maven-surefire-plugin/xsd/surefire-test-report.xsd" version="3.0.1" name="TestSuite" time="57.543" tests="9" errors="0" skipped="0" failures="0">
  <properties>
[...]
</properties>
  <testcase name="VerifyAddCustomersPageElements" classname="com.bankingaccount.tests.AddAccountTest" time="2.268">
    <system-out><![CDATA[2026-03-19T16:12:49.163856300Z main WARN No Root logger was configured, creating default ERROR-level Root logger with Console appender
2026-03-19 21:42:49 [main] INFO  BaseClass - Configuration properties loaded successfully.
Setting up the test environment...AddAccountTest
2026-03-19 21:42:49 [main] INFO  BaseClass - Configuration properties loaded successfully.
2026-03-19 21:42:53 [main] INFO  BaseClass - Chrome browser launched successfully.
2026-03-19 21:43:05 [main] INFO  BaseClass - Navigated to the base URL: https://www.way2automation.com/angularjs-protractor/banking/#/login
2026-03-19 21:43:05 [main] INFO  BaseClass - Browser launched and configured successfully.
2026-03-19 21:43:05 [main] INFO  ActionDriver - ActionDriver initialized with WebDriver: ChromeDriver: chrome on windows (a35fa77c18c8b66ca7e080e8a2ec48dc)
2026-03-19 21:43:05 [main] INFO  BaseClass - ActionDriver initialized successfully for thread: 1
2026-03-19 21:43:06 [main] INFO  ActionDriver - Getting title of the current page.
2026-03-19 21:43:06 [main] INFO  ActionDriver - Element is clickable: By.xpath: //button[text()='Bank Manager Login']
2026-03-19 21:43:07 [main] INFO  ActionDriver - Clicked element: By.xpath: //button[text()='Bank Manager Login']
2026-03-19 21:43:07 [main] INFO  ActionDriver - Element is clickable: By.xpath: //button[contains(text(),'Add Customer')]
2026-03-19 21:43:07 [main] INFO  ActionDriver - Clicked element: By.xpath: //button[contains(text(),'Add Customer')]
2026-03-19 21:43:07 [main] INFO  ActionDriver - Element is visible: By.xpath: //button[contains(text(),'Add Customer')]
2026-03-19 21:43:07 [main] INFO  ActionDriver - Checking if element is displayed: By.xpath: //button[contains(text(),'Add Customer')]
Add Customer button is Displayed on the Create Account Page.
2026-03-19 21:43:07 [main] INFO  ActionDriver - Element is visible: By.xpath: //input[@placeholder='First Name']
2026-03-19 21:43:07 [main] INFO  ActionDriver - Checking if element is displayed: By.xpath: //input[@placeholder='First Name']
First Name field is Displayed on the Create Account Page.
2026-03-19 21:43:07 [main] INFO  ActionDriver - Element is visible: By.xpath: //input[@placeholder='Last Name']
2026-03-19 21:43:07 [main] INFO  ActionDriver - Checking if element is displayed: By.xpath: //input[@placeholder='Last Name']
Last Name field is Displayed on the Create Account Page.
2026-03-19 21:43:07 [main] INFO  ActionDriver - Element is visible: By.xpath: //input[@placeholder='Post Code']
2026-03-19 21:43:07 [main] INFO  ActionDriver - Checking if element is displayed: By.xpath: //input[@placeholder='Post Code']
Post Code field is Displayed on the Create Account Page.
2026-03-19 21:43:07 [main] INFO  ActionDriver - Element is visible: By.xpath: //button[text()='Add Customer']
2026-03-19 21:43:07 [main] INFO  ActionDriver - Checking if element is displayed: By.xpath: //button[text()='Add Customer']
Add Customer submit button is Displayed on the Create Account Page.
]]></system-out>
    <system-err><![CDATA[SLF4J: Failed to load class "org.slf4j.impl.StaticLoggerBinder".
SLF4J: Defaulting to no-operation (NOP) logger implementation
SLF4J: See http://www.slf4j.org/codes.html#StaticLoggerBinder for further details.
Mar 19, 2026 9:42:53 PM org.openqa.selenium.devtools.CdpVersionFinder findNearestMatch
WARNING: Unable to find CDP implementation matching 146
Mar 19, 2026 9:42:53 PM org.openqa.selenium.chromium.ChromiumDriver lambda$new$5
WARNING: Unable to find version of CDP to use for 146.0.7680.81. You may need to include a dependency on a specific version of the CDP using something similar to `org.seleniumhq.selenium:selenium-devtools-v86:4.27.0` where the version ("v86") matches the version of the chromium-based browser you're using and the version number of the artifact is the same as Selenium's.
]]></system-err>
  </testcase>
  <testcase name="verfyAddCustomerSuccessfully[Tester, User, 123456](1)" classname="com.bankingaccount.tests.AddAccountTest" time="2.109">
    <system-out><![CDATA[2026-03-19 21:43:08 [main] INFO  BaseClass - Browser closed successfully.
Setting up the test environment...AddAccountTest
2026-03-19 21:43:09 [main] INFO  BaseClass - Configuration properties loaded successfully.
2026-03-19 21:43:12 [main] INFO  BaseClass - Chrome browser launched successfully.
2026-03-19 21:43:13 [main] INFO  BaseClass - Navigated to the base URL: https://www.way2automation.com/angularjs-protractor/banking/#/login
2026-03-19 21:43:13 [main] INFO  BaseClass - Browser launched and configured successfully.
2026-03-19 21:43:13 [main] INFO  ActionDriver - ActionDriver initialized with WebDriver: ChromeDriver: chrome on windows (0b8dc2403c8d865aded14dff6fcc5aea)
2026-03-19 21:43:13 [main] INFO  BaseClass - ActionDriver initialized successfully for thread: 1
2026-03-19 21:43:13 [main] INFO  ActionDriver - Getting title of the current page.
2026-03-19 21:43:14 [main] INFO  ActionDriver - Element is clickable: By.xpath: //button[text()='Bank Manager Login']
2026-03-19 21:43:14 [main] INFO  ActionDriver - Clicked element: By.xpath: //button[text()='Bank Manager Login']
2026-03-19 21:43:14 [main] INFO  ActionDriver - Element is clickable: By.xpath: //button[contains(text(),'Add Customer')]
2026-03-19 21:43:14 [main] INFO  ActionDriver - Clicked element: By.xpath: //button[contains(text(),'Add Customer')]
2026-03-19 21:43:14 [main] INFO  ActionDriver - Element is visible: By.xpath: //button[contains(text(),'Add Customer')]
2026-03-19 21:43:14 [main] INFO  ActionDriver - Checking if element is displayed: By.xpath: //button[contains(text(),'Add Customer')]
Add Customer button is Displayed on the Create Account Page.
2026-03-19 21:43:14 [main] INFO  ActionDriver - Element is visible: By.xpath: //input[@placeholder='First Name']
2026-03-19 21:43:14 [main] INFO  ActionDriver - Entered text 'Tester' into element: By.xpath: //input[@placeholder='First Name']
2026-03-19 21:43:15 [main] INFO  ActionDriver - Element is visible: By.xpath: //input[@placeholder='Last Name']
2026-03-19 21:43:15 [main] INFO  ActionDriver - Entered text 'User' into element: By.xpath: //input[@placeholder='Last Name']
2026-03-19 21:43:15 [main] INFO  ActionDriver - Element is visible: By.xpath: //input[@placeholder='Post Code']
2026-03-19 21:43:15 [main] INFO  ActionDriver - Entered text '123456' into element: By.xpath: //input[@placeholder='Post Code']
2026-03-19 21:43:15 [main] INFO  ActionDriver - Element is clickable: By.xpath: //button[text()='Add Customer']
2026-03-19 21:43:15 [main] INFO  ActionDriver - Clicked element: By.xpath: //button[text()='Add Customer']
Alert message received: Customer added successfully with customer id :6
Alert message is displayed as expected: Customer added successfully with customer id :6
]]></system-out>
    <system-err><![CDATA[Mar 19, 2026 9:43:12 PM org.openqa.selenium.devtools.CdpVersionFinder findNearestMatch
WARNING: Unable to find CDP implementation matching 146
Mar 19, 2026 9:43:12 PM org.openqa.selenium.chromium.ChromiumDriver lambda$new$5
WARNING: Unable to find version of CDP to use for 146.0.7680.81. You may need to include a dependency on a specific version of the CDP using something similar to `org.seleniumhq.selenium:selenium-devtools-v86:4.27.0` where the version ("v86") matches the version of the chromium-based browser you're using and the version number of the artifact is the same as Selenium's.
]]></system-err>
  </testcase>
  <testcase name="verifyTheErrorMessageIsDisplayedWhenSubmittingEmptyForm" classname="com.bankingaccount.tests.AddAccountTest" time="1.971">
    <system-out><![CDATA[2026-03-19 21:43:15 [main] INFO  BaseClass - Browser closed successfully.
Setting up the test environment...AddAccountTest
2026-03-19 21:43:15 [main] INFO  BaseClass - Configuration properties loaded successfully.
2026-03-19 21:43:17 [main] INFO  BaseClass - Chrome browser launched successfully.
2026-03-19 21:43:18 [main] INFO  BaseClass - Navigated to the base URL: https://www.way2automation.com/angularjs-protractor/banking/#/login
2026-03-19 21:43:18 [main] INFO  BaseClass - Browser launched and configured successfully.
2026-03-19 21:43:18 [main] INFO  ActionDriver - ActionDriver initialized with WebDriver: ChromeDriver: chrome on windows (eeeee896ae98f87ecb3a31b17a803d9f)
2026-03-19 21:43:18 [main] INFO  BaseClass - ActionDriver initialized successfully for thread: 1
2026-03-19 21:43:18 [main] INFO  ActionDriver - Getting title of the current page.
2026-03-19 21:43:19 [main] INFO  ActionDriver - Element is clickable: By.xpath: //button[text()='Bank Manager Login']
2026-03-19 21:43:19 [main] INFO  ActionDriver - Clicked element: By.xpath: //button[text()='Bank Manager Login']
2026-03-19 21:43:19 [main] INFO  ActionDriver - Element is clickable: By.xpath: //button[contains(text(),'Add Customer')]
2026-03-19 21:43:20 [main] INFO  ActionDriver - Clicked element: By.xpath: //button[contains(text(),'Add Customer')]
2026-03-19 21:43:20 [main] INFO  ActionDriver - Element is visible: By.xpath: //button[contains(text(),'Add Customer')]
2026-03-19 21:43:20 [main] INFO  ActionDriver - Checking if element is displayed: By.xpath: //button[contains(text(),'Add Customer')]
Add Customer button is Displayed on the Create Account Page.
2026-03-19 21:43:20 [main] INFO  ActionDriver - Element is visible: By.xpath: //input[@placeholder='First Name']
2026-03-19 21:43:20 [main] INFO  ActionDriver - Entered text '' into element: By.xpath: //input[@placeholder='First Name']
2026-03-19 21:43:20 [main] INFO  ActionDriver - Element is visible: By.xpath: //input[@placeholder='Last Name']
2026-03-19 21:43:20 [main] INFO  ActionDriver - Entered text '' into element: By.xpath: //input[@placeholder='Last Name']
2026-03-19 21:43:20 [main] INFO  ActionDriver - Element is visible: By.xpath: //input[@placeholder='Post Code']
2026-03-19 21:43:20 [main] INFO  ActionDriver - Entered text '' into element: By.xpath: //input[@placeholder='Post Code']
2026-03-19 21:43:20 [main] INFO  ActionDriver - Element is clickable: By.xpath: //button[text()='Add Customer']
2026-03-19 21:43:20 [main] INFO  ActionDriver - Clicked element: By.xpath: //button[text()='Add Customer']
2026-03-19 21:43:20 [main] INFO  ActionDriver - Element is visible: By.xpath: //input[@placeholder='First Name']
2026-03-19 21:43:20 [main] INFO  ActionDriver - Getting value of attribute 'validationMessage' from element: By.xpath: //input[@placeholder='First Name']
Validation message is displayed as expected: Please fill out this field.
]]></system-out>
    <system-err><![CDATA[Mar 19, 2026 9:43:17 PM org.openqa.selenium.devtools.CdpVersionFinder findNearestMatch
WARNING: Unable to find CDP implementation matching 146
Mar 19, 2026 9:43:17 PM org.openqa.selenium.chromium.ChromiumDriver lambda$new$5
WARNING: Unable to find version of CDP to use for 146.0.7680.81. You may need to include a dependency on a specific version of the CDP using something similar to `org.seleniumhq.selenium:selenium-devtools-v86:4.27.0` where the version ("v86") matches the version of the chromium-based browser you're using and the version number of the artifact is the same as Selenium's.
]]></system-err>
  </testcase>
  <testcase name="verifyBankManagerLoginButtonFunctionality" classname="com.bankingaccount.tests.HomePageTest" time="0.945">
    <system-out><![CDATA[2026-03-19 21:43:20 [main] INFO  BaseClass - Browser closed successfully.
Setting up the test environment...HomePageTest
2026-03-19 21:43:20 [main] INFO  BaseClass - Configuration properties loaded successfully.
2026-03-19 21:43:22 [main] INFO  BaseClass - Chrome browser launched successfully.
2026-03-19 21:43:23 [main] INFO  BaseClass - Navigated to the base URL: https://www.way2automation.com/angularjs-protractor/banking/#/login
2026-03-19 21:43:23 [main] INFO  BaseClass - Browser launched and configured successfully.
2026-03-19 21:43:23 [main] INFO  ActionDriver - ActionDriver initialized with WebDriver: ChromeDriver: chrome on windows (5fdb1957afbf95c3704b9e78a6d4fd1d)
2026-03-19 21:43:23 [main] INFO  BaseClass - ActionDriver initialized successfully for thread: 1
2026-03-19 21:43:23 [main] INFO  ActionDriver - Getting title of the current page.
2026-03-19 21:43:24 [main] INFO  ActionDriver - Element is clickable: By.xpath: //button[text()='Bank Manager Login']
2026-03-19 21:43:24 [main] INFO  ActionDriver - Clicked element: By.xpath: //button[text()='Bank Manager Login']
2026-03-19 21:43:24 [main] INFO  ActionDriver - Element is visible: By.xpath: //button[contains(text(),'Add Customer')]
2026-03-19 21:43:24 [main] INFO  ActionDriver - Checking if element is displayed: By.xpath: //button[contains(text(),'Add Customer')]
Add Customer button is Displayed on the Create Account Page.
]]></system-out>
    <system-err><![CDATA[Mar 19, 2026 9:43:22 PM org.openqa.selenium.devtools.CdpVersionFinder findNearestMatch
WARNING: Unable to find CDP implementation matching 146
Mar 19, 2026 9:43:22 PM org.openqa.selenium.chromium.ChromiumDriver lambda$new$5
WARNING: Unable to find version of CDP to use for 146.0.7680.81. You may need to include a dependency on a specific version of the CDP using something similar to `org.seleniumhq.selenium:selenium-devtools-v86:4.27.0` where the version ("v86") matches the version of the chromium-based browser you're using and the version number of the artifact is the same as Selenium's.
]]></system-err>
  </testcase>
  <testcase name="verifyCustomerLoginButtonFunctionality" classname="com.bankingaccount.tests.HomePageTest" time="1.029">
    <system-out><![CDATA[2026-03-19 21:43:24 [main] INFO  BaseClass - Browser closed successfully.
Setting up the test environment...HomePageTest
2026-03-19 21:43:24 [main] INFO  BaseClass - Configuration properties loaded successfully.
2026-03-19 21:43:25 [main] INFO  BaseClass - Chrome browser launched successfully.
2026-03-19 21:43:26 [main] INFO  BaseClass - Navigated to the base URL: https://www.way2automation.com/angularjs-protractor/banking/#/login
2026-03-19 21:43:26 [main] INFO  BaseClass - Browser launched and configured successfully.
2026-03-19 21:43:26 [main] INFO  ActionDriver - ActionDriver initialized with WebDriver: ChromeDriver: chrome on windows (49d373abfff01eef69e94637ce50b405)
2026-03-19 21:43:26 [main] INFO  BaseClass - ActionDriver initialized successfully for thread: 1
2026-03-19 21:43:26 [main] INFO  ActionDriver - Getting title of the current page.
2026-03-19 21:43:27 [main] INFO  ActionDriver - Element is clickable: By.xpath: //button[text()='Customer Login']
2026-03-19 21:43:27 [main] INFO  ActionDriver - Clicked element: By.xpath: //button[text()='Customer Login']
2026-03-19 21:43:27 [main] INFO  ActionDriver - Element is visible: By.xpath: //label[contains(text(),'Your Name')]
2026-03-19 21:43:27 [main] INFO  ActionDriver - Checking if element is displayed: By.xpath: //label[contains(text(),'Your Name')]
Customer Login button is Displayed on the login Page.
]]></system-out>
    <system-err><![CDATA[Mar 19, 2026 9:43:25 PM org.openqa.selenium.devtools.CdpVersionFinder findNearestMatch
WARNING: Unable to find CDP implementation matching 146
Mar 19, 2026 9:43:25 PM org.openqa.selenium.chromium.ChromiumDriver lambda$new$5
WARNING: Unable to find version of CDP to use for 146.0.7680.81. You may need to include a dependency on a specific version of the CDP using something similar to `org.seleniumhq.selenium:selenium-devtools-v86:4.27.0` where the version ("v86") matches the version of the chromium-based browser you're using and the version number of the artifact is the same as Selenium's.
]]></system-err>
  </testcase>
  <testcase name="verifyHomePageButtons" classname="com.bankingaccount.tests.HomePageTest" time="0.763">
    <system-out><![CDATA[2026-03-19 21:43:27 [main] INFO  BaseClass - Browser closed successfully.
Setting up the test environment...HomePageTest
2026-03-19 21:43:27 [main] INFO  BaseClass - Configuration properties loaded successfully.
2026-03-19 21:43:29 [main] INFO  BaseClass - Chrome browser launched successfully.
2026-03-19 21:43:29 [main] INFO  BaseClass - Navigated to the base URL: https://www.way2automation.com/angularjs-protractor/banking/#/login
2026-03-19 21:43:29 [main] INFO  BaseClass - Browser launched and configured successfully.
2026-03-19 21:43:29 [main] INFO  ActionDriver - ActionDriver initialized with WebDriver: ChromeDriver: chrome on windows (5fdaa9fe02f0abaf54292e1764bf715e)
2026-03-19 21:43:29 [main] INFO  BaseClass - ActionDriver initialized successfully for thread: 1
2026-03-19 21:43:29 [main] INFO  ActionDriver - Getting title of the current page.
2026-03-19 21:43:30 [main] INFO  ActionDriver - Element is visible: By.xpath: //button[text()='Bank Manager Login']
2026-03-19 21:43:30 [main] INFO  ActionDriver - Checking if element is displayed: By.xpath: //button[text()='Bank Manager Login']
Bank Manager Login button is displayed on the Home Page.
2026-03-19 21:43:30 [main] INFO  ActionDriver - Element is visible: By.xpath: //button[text()='Customer Login']
2026-03-19 21:43:30 [main] INFO  ActionDriver - Checking if element is displayed: By.xpath: //button[text()='Customer Login']
Customer Login button is displayed on the Home Page.
]]></system-out>
    <system-err><![CDATA[Mar 19, 2026 9:43:29 PM org.openqa.selenium.devtools.CdpVersionFinder findNearestMatch
WARNING: Unable to find CDP implementation matching 146
Mar 19, 2026 9:43:29 PM org.openqa.selenium.chromium.ChromiumDriver lambda$new$5
WARNING: Unable to find version of CDP to use for 146.0.7680.81. You may need to include a dependency on a specific version of the CDP using something similar to `org.seleniumhq.selenium:selenium-devtools-v86:4.27.0` where the version ("v86") matches the version of the chromium-based browser you're using and the version number of the artifact is the same as Selenium's.
]]></system-err>
  </testcase>
  <testcase name="errorMessageIsDisplayedWhenSubmittingEmptyForm[Tester, User, 123456](1)" classname="com.bankingaccount.tests.OpenAccountTest" time="2.331">
    <system-out><![CDATA[2026-03-19 21:43:30 [main] INFO  BaseClass - Browser closed successfully.
Setting up the test environment...OpenAccountTest
2026-03-19 21:43:30 [main] INFO  BaseClass - Configuration properties loaded successfully.
2026-03-19 21:43:31 [main] INFO  BaseClass - Chrome browser launched successfully.
2026-03-19 21:43:32 [main] INFO  BaseClass - Navigated to the base URL: https://www.way2automation.com/angularjs-protractor/banking/#/login
2026-03-19 21:43:32 [main] INFO  BaseClass - Browser launched and configured successfully.
2026-03-19 21:43:32 [main] INFO  ActionDriver - ActionDriver initialized with WebDriver: ChromeDriver: chrome on windows (fa2b2745dec6241dcd2924cb834d9d4f)
2026-03-19 21:43:32 [main] INFO  BaseClass - ActionDriver initialized successfully for thread: 1
2026-03-19 21:43:32 [main] INFO  ActionDriver - Getting title of the current page.
2026-03-19 21:43:33 [main] INFO  ActionDriver - Element is clickable: By.xpath: //button[text()='Bank Manager Login']
2026-03-19 21:43:33 [main] INFO  ActionDriver - Clicked element: By.xpath: //button[text()='Bank Manager Login']
2026-03-19 21:43:33 [main] INFO  ActionDriver - Element is clickable: By.xpath: //button[contains(text(),'Add Customer')]
2026-03-19 21:43:33 [main] INFO  ActionDriver - Clicked element: By.xpath: //button[contains(text(),'Add Customer')]
2026-03-19 21:43:33 [main] INFO  ActionDriver - Element is visible: By.xpath: //input[@placeholder='First Name']
2026-03-19 21:43:33 [main] INFO  ActionDriver - Entered text 'Tester' into element: By.xpath: //input[@placeholder='First Name']
2026-03-19 21:43:33 [main] INFO  ActionDriver - Element is visible: By.xpath: //input[@placeholder='Last Name']
2026-03-19 21:43:34 [main] INFO  ActionDriver - Entered text 'User' into element: By.xpath: //input[@placeholder='Last Name']
2026-03-19 21:43:34 [main] INFO  ActionDriver - Element is visible: By.xpath: //input[@placeholder='Post Code']
2026-03-19 21:43:34 [main] INFO  ActionDriver - Entered text '123456' into element: By.xpath: //input[@placeholder='Post Code']
2026-03-19 21:43:34 [main] INFO  ActionDriver - Element is clickable: By.xpath: //button[text()='Add Customer']
2026-03-19 21:43:34 [main] INFO  ActionDriver - Clicked element: By.xpath: //button[text()='Add Customer']
Alert message received: Customer added successfully with customer id :6
Alert message is displayed as expected: Customer added successfully with customer id :6
2026-03-19 21:43:34 [main] INFO  ActionDriver - Element is clickable: By.xpath: //button[contains(text(),'Open Account')]
2026-03-19 21:43:34 [main] INFO  ActionDriver - Clicked element: By.xpath: //button[contains(text(),'Open Account')]
2026-03-19 21:43:34 [main] INFO  ActionDriver - Element is clickable: By.xpath: //button[contains(text(),'Process')]
2026-03-19 21:43:34 [main] INFO  ActionDriver - Clicked element: By.xpath: //button[contains(text(),'Process')]
2026-03-19 21:43:34 [main] INFO  ActionDriver - Element is visible: By.id: userSelect
2026-03-19 21:43:34 [main] INFO  ActionDriver - Getting value of attribute 'validationMessage' from element: By.id: userSelect
Validation message is displayed as expected: Please select an item in the list.
]]></system-out>
    <system-err><![CDATA[Mar 19, 2026 9:43:31 PM org.openqa.selenium.devtools.CdpVersionFinder findNearestMatch
WARNING: Unable to find CDP implementation matching 146
Mar 19, 2026 9:43:31 PM org.openqa.selenium.chromium.ChromiumDriver lambda$new$5
WARNING: Unable to find version of CDP to use for 146.0.7680.81. You may need to include a dependency on a specific version of the CDP using something similar to `org.seleniumhq.selenium:selenium-devtools-v86:4.27.0` where the version ("v86") matches the version of the chromium-based browser you're using and the version number of the artifact is the same as Selenium's.
]]></system-err>
  </testcase>
  <testcase name="openAccountSuccessfully[Tester, User, 123456, Tester User, Dollar](1)" classname="com.bankingaccount.tests.OpenAccountTest" time="3.108">
    <system-out><![CDATA[2026-03-19 21:43:35 [main] INFO  BaseClass - Browser closed successfully.
Setting up the test environment...OpenAccountTest
2026-03-19 21:43:35 [main] INFO  BaseClass - Configuration properties loaded successfully.
2026-03-19 21:43:36 [main] INFO  BaseClass - Chrome browser launched successfully.
2026-03-19 21:43:37 [main] INFO  BaseClass - Navigated to the base URL: https://www.way2automation.com/angularjs-protractor/banking/#/login
2026-03-19 21:43:37 [main] INFO  BaseClass - Browser launched and configured successfully.
2026-03-19 21:43:37 [main] INFO  ActionDriver - ActionDriver initialized with WebDriver: ChromeDriver: chrome on windows (41def1b97888fa81f7b142e3b3c38d21)
2026-03-19 21:43:37 [main] INFO  BaseClass - ActionDriver initialized successfully for thread: 1
2026-03-19 21:43:37 [main] INFO  ActionDriver - Getting title of the current page.
2026-03-19 21:43:38 [main] INFO  ActionDriver - Element is clickable: By.xpath: //button[text()='Bank Manager Login']
2026-03-19 21:43:38 [main] INFO  ActionDriver - Clicked element: By.xpath: //button[text()='Bank Manager Login']
2026-03-19 21:43:38 [main] INFO  ActionDriver - Element is clickable: By.xpath: //button[contains(text(),'Add Customer')]
2026-03-19 21:43:38 [main] INFO  ActionDriver - Clicked element: By.xpath: //button[contains(text(),'Add Customer')]
2026-03-19 21:43:38 [main] INFO  ActionDriver - Element is visible: By.xpath: //input[@placeholder='First Name']
2026-03-19 21:43:38 [main] INFO  ActionDriver - Entered text 'Tester' into element: By.xpath: //input[@placeholder='First Name']
2026-03-19 21:43:38 [main] INFO  ActionDriver - Element is visible: By.xpath: //input[@placeholder='Last Name']
2026-03-19 21:43:38 [main] INFO  ActionDriver - Entered text 'User' into element: By.xpath: //input[@placeholder='Last Name']
2026-03-19 21:43:38 [main] INFO  ActionDriver - Element is visible: By.xpath: //input[@placeholder='Post Code']
2026-03-19 21:43:38 [main] INFO  ActionDriver - Entered text '123456' into element: By.xpath: //input[@placeholder='Post Code']
2026-03-19 21:43:39 [main] INFO  ActionDriver - Element is clickable: By.xpath: //button[text()='Add Customer']
2026-03-19 21:43:39 [main] INFO  ActionDriver - Clicked element: By.xpath: //button[text()='Add Customer']
Alert message received: Customer added successfully with customer id :6
Alert message is displayed as expected: Customer added successfully with customer id :6
2026-03-19 21:43:39 [main] INFO  ActionDriver - Element is clickable: By.xpath: //button[contains(text(),'Open Account')]
2026-03-19 21:43:39 [main] INFO  ActionDriver - Clicked element: By.xpath: //button[contains(text(),'Open Account')]
2026-03-19 21:43:39 [main] INFO  ActionDriver - Element is clickable: By.id: userSelect
2026-03-19 21:43:39 [main] INFO  ActionDriver - Clicked element: By.id: userSelect
2026-03-19 21:43:39 [main] INFO  ActionDriver - Element is visible: By.id: userSelect
2026-03-19 21:43:39 [main] INFO  ActionDriver - Selected dropdown option 'Tester User' from element: By.id: userSelect
2026-03-19 21:43:39 [main] INFO  ActionDriver - Element is clickable: By.id: currency
2026-03-19 21:43:40 [main] INFO  ActionDriver - Clicked element: By.id: currency
2026-03-19 21:43:40 [main] INFO  ActionDriver - Element is present in the DOM: By.id: currency
2026-03-19 21:43:40 [main] INFO  ActionDriver - Element is visible: By.id: currency
2026-03-19 21:43:40 [main] INFO  ActionDriver - Selected dropdown option with value 'Dollar' from element: By.id: currency
2026-03-19 21:43:40 [main] INFO  ActionDriver - Element is clickable: By.xpath: //label[contains(text(),'Currency')]
2026-03-19 21:43:40 [main] INFO  ActionDriver - Clicked element: By.xpath: //label[contains(text(),'Currency')]
2026-03-19 21:43:40 [main] INFO  ActionDriver - Element is clickable: By.xpath: //button[contains(text(),'Process')]
2026-03-19 21:43:40 [main] INFO  ActionDriver - Clicked element: By.xpath: //button[contains(text(),'Process')]
Alert message received: Account created successfully with account Number :1016
Alert message is displayed as expected: Account created successfully with account Number :1016
]]></system-out>
    <system-err><![CDATA[Mar 19, 2026 9:43:36 PM org.openqa.selenium.devtools.CdpVersionFinder findNearestMatch
WARNING: Unable to find CDP implementation matching 146
Mar 19, 2026 9:43:36 PM org.openqa.selenium.chromium.ChromiumDriver lambda$new$5
WARNING: Unable to find version of CDP to use for 146.0.7680.81. You may need to include a dependency on a specific version of the CDP using something similar to `org.seleniumhq.selenium:selenium-devtools-v86:4.27.0` where the version ("v86") matches the version of the chromium-based browser you're using and the version number of the artifact is the same as Selenium's.
]]></system-err>
  </testcase>
  <testcase name="verifyOpenAccountPageElements[Tester, User, 123456](1)" classname="com.bankingaccount.tests.OpenAccountTest" time="2.248">
    <system-out><![CDATA[2026-03-19 21:43:40 [main] INFO  BaseClass - Browser closed successfully.
Setting up the test environment...OpenAccountTest
2026-03-19 21:43:40 [main] INFO  BaseClass - Configuration properties loaded successfully.
2026-03-19 21:43:42 [main] INFO  BaseClass - Chrome browser launched successfully.
2026-03-19 21:43:42 [main] INFO  BaseClass - Navigated to the base URL: https://www.way2automation.com/angularjs-protractor/banking/#/login
2026-03-19 21:43:42 [main] INFO  BaseClass - Browser launched and configured successfully.
2026-03-19 21:43:42 [main] INFO  ActionDriver - ActionDriver initialized with WebDriver: ChromeDriver: chrome on windows (18d69b3db4f96c34ff76927f818d5844)
2026-03-19 21:43:42 [main] INFO  BaseClass - ActionDriver initialized successfully for thread: 1
2026-03-19 21:43:42 [main] INFO  ActionDriver - Getting title of the current page.
2026-03-19 21:43:43 [main] INFO  ActionDriver - Element is clickable: By.xpath: //button[text()='Bank Manager Login']
2026-03-19 21:43:43 [main] INFO  ActionDriver - Clicked element: By.xpath: //button[text()='Bank Manager Login']
2026-03-19 21:43:43 [main] INFO  ActionDriver - Element is clickable: By.xpath: //button[contains(text(),'Add Customer')]
2026-03-19 21:43:43 [main] INFO  ActionDriver - Clicked element: By.xpath: //button[contains(text(),'Add Customer')]
2026-03-19 21:43:44 [main] INFO  ActionDriver - Element is visible: By.xpath: //input[@placeholder='First Name']
2026-03-19 21:43:44 [main] INFO  ActionDriver - Entered text 'Tester' into element: By.xpath: //input[@placeholder='First Name']
2026-03-19 21:43:44 [main] INFO  ActionDriver - Element is visible: By.xpath: //input[@placeholder='Last Name']
2026-03-19 21:43:44 [main] INFO  ActionDriver - Entered text 'User' into element: By.xpath: //input[@placeholder='Last Name']
2026-03-19 21:43:44 [main] INFO  ActionDriver - Element is visible: By.xpath: //input[@placeholder='Post Code']
2026-03-19 21:43:44 [main] INFO  ActionDriver - Entered text '123456' into element: By.xpath: //input[@placeholder='Post Code']
2026-03-19 21:43:44 [main] INFO  ActionDriver - Element is clickable: By.xpath: //button[text()='Add Customer']
2026-03-19 21:43:44 [main] INFO  ActionDriver - Clicked element: By.xpath: //button[text()='Add Customer']
Alert message received: Customer added successfully with customer id :6
Alert message is displayed as expected: Customer added successfully with customer id :6
2026-03-19 21:43:44 [main] INFO  ActionDriver - Element is clickable: By.xpath: //button[contains(text(),'Open Account')]
2026-03-19 21:43:44 [main] INFO  ActionDriver - Clicked element: By.xpath: //button[contains(text(),'Open Account')]
2026-03-19 21:43:44 [main] INFO  ActionDriver - Element is visible: By.xpath: //button[contains(text(),'Open Account')]
2026-03-19 21:43:44 [main] INFO  ActionDriver - Checking if element is displayed: By.xpath: //button[contains(text(),'Open Account')]
Open Account button is Displayed on the Open Account Page.
2026-03-19 21:43:44 [main] INFO  ActionDriver - Element is visible: By.xpath: //label[contains(text(),'Customer')]
2026-03-19 21:43:44 [main] INFO  ActionDriver - Checking if element is displayed: By.xpath: //label[contains(text(),'Customer')]
Customer label is Displayed on the Open Account Page.
2026-03-19 21:43:44 [main] INFO  ActionDriver - Element is visible: By.xpath: //label[contains(text(),'Currency')]
2026-03-19 21:43:44 [main] INFO  ActionDriver - Checking if element is displayed: By.xpath: //label[contains(text(),'Currency')]
Currency label is Displayed on the Open Account Page.
2026-03-19 21:43:44 [main] INFO  ActionDriver - Element is visible: By.xpath: //button[contains(text(),'Process')]
2026-03-19 21:43:44 [main] INFO  ActionDriver - Checking if element is displayed: By.xpath: //button[contains(text(),'Process')]
Process button is Displayed on the Open Account Page.
]]></system-out>
    <system-err><![CDATA[Mar 19, 2026 9:43:42 PM org.openqa.selenium.devtools.CdpVersionFinder findNearestMatch
WARNING: Unable to find CDP implementation matching 146
Mar 19, 2026 9:43:42 PM org.openqa.selenium.chromium.ChromiumDriver lambda$new$5
WARNING: Unable to find version of CDP to use for 146.0.7680.81. You may need to include a dependency on a specific version of the CDP using something similar to `org.seleniumhq.selenium:selenium-devtools-v86:4.27.0` where the version ("v86") matches the version of the chromium-based browser you're using and the version number of the artifact is the same as Selenium's.
]]></system-err>
  </testcase>
</testsuite>