<?xml version="1.0" encoding="UTF-8"?>
<testng-results ignored="0" total="9" passed="9" failed="0" skipped="0">
  <reporter-output>
  </reporter-output>
  <suite started-at="2026-03-19T21:42:49 IST" name="Surefire suite" finished-at="2026-03-19T21:43:45 IST" duration-ms="55810">
    <groups>
    </groups>
    <test started-at="2026-03-19T21:42:49 IST" name="Surefire test" finished-at="2026-03-19T21:43:45 IST" duration-ms="55810">
      <class name="com.bankingaccount.tests.HomePageTest">
        <test-method is-config="true" signature="setUp()[pri:0, instance:com.bankingaccount.tests.HomePageTest@38ba6ce3]" started-at="2026-03-19T21:43:20 IST" name="setUp" finished-at="2026-03-19T21:43:23 IST" duration-ms="2472" status="PASS">
          <reporter-output>
          </reporter-output>
        </test-method> <!-- setUp -->
        <test-method is-config="true" signature="setUpPages()[pri:0, instance:com.bankingaccount.tests.HomePageTest@38ba6ce3]" started-at="2026-03-19T21:43:23 IST" name="setUpPages" finished-at="2026-03-19T21:43:23 IST" duration-ms="2" status="PASS">
          <reporter-output>
          </reporter-output>
        </test-method> <!-- setUpPages -->
        <test-method signature="verifyBankManagerLoginButtonFunctionality()[pri:0, instance:com.bankingaccount.tests.HomePageTest@38ba6ce3]" started-at="2026-03-19T21:43:23 IST" name="verifyBankManagerLoginButtonFunctionality" finished-at="2026-03-19T21:43:24 IST" duration-ms="945" status="PASS">
          <reporter-output>
          </reporter-output>
        </test-method> <!-- verifyBankManagerLoginButtonFunctionality -->
        <test-method is-config="true" signature="tearDown()[pri:0, instance:com.bankingaccount.tests.HomePageTest@38ba6ce3]" started-at="2026-03-19T21:43:24 IST" name="tearDown" finished-at="2026-03-19T21:43:24 IST" duration-ms="243" status="PASS">
          <reporter-output>
          </reporter-output>
        </test-method> <!-- tearDown -->
        <test-method is-config="true" signature="setUp()[pri:0, instance:com.bankingaccount.tests.HomePageTest@38ba6ce3]" started-at="2026-03-19T21:43:24 IST" name="setUp" finished-at="2026-03-19T21:43:26 IST" duration-ms="1863" status="PASS">
          <reporter-output>
          </reporter-output>
        </test-method> <!-- setUp -->
        <test-method is-config="true" signature="setUpPages()[pri:0, instance:com.bankingaccount.tests.HomePageTest@38ba6ce3]" started-at="2026-03-19T21:43:26 IST" name="setUpPages" finished-at="2026-03-19T21:43:26 IST" duration-ms="1" status="PASS">
          <reporter-output>
          </reporter-output>
        </test-method> <!-- setUpPages -->
        <test-method signature="verifyCustomerLoginButtonFunctionality()[pri:0, instance:com.bankingaccount.tests.HomePageTest@38ba6ce3]" started-at="2026-03-19T21:43:26 IST" name="verifyCustomerLoginButtonFunctionality" finished-at="2026-03-19T21:43:27 IST" duration-ms="1029" status="PASS">
          <reporter-output>
          </reporter-output>
        </test-method> <!-- verifyCustomerLoginButtonFunctionality -->
        <test-method is-config="true" signature="tearDown()[pri:0, instance:com.bankingaccount.tests.HomePageTest@38ba6ce3]" started-at="2026-03-19T21:43:27 IST" name="tearDown" finished-at="2026-03-19T21:43:27 IST" duration-ms="227" status="PASS">
          <reporter-output>
          </reporter-output>
        </test-method> <!-- tearDown -->
        <test-method is-config="true" signature="setUp()[pri:0, instance:com.bankingaccount.tests.HomePageTest@38ba6ce3]" started-at="2026-03-19T21:43:27 IST" name="setUp" finished-at="2026-03-19T21:43:29 IST" duration-ms="1889" status="PASS">
          <reporter-output>
          </reporter-output>
        </test-method> <!-- setUp -->
        <test-method is-config="true" signature="setUpPages()[pri:0, instance:com.bankingaccount.tests.HomePageTest@38ba6ce3]" started-at="2026-03-19T21:43:29 IST" name="setUpPages" finished-at="2026-03-19T21:43:29 IST" duration-ms="2" status="PASS">
          <reporter-output>
          </reporter-output>
        </test-method> <!-- setUpPages -->
        <test-method signature="verifyHomePageButtons()[pri:0, instance:com.bankingaccount.tests.HomePageTest@38ba6ce3]" started-at="2026-03-19T21:43:29 IST" name="verifyHomePageButtons" finished-at="2026-03-19T21:43:30 IST" duration-ms="764" status="PASS">
          <reporter-output>
          </reporter-output>
        </test-method> <!-- verifyHomePageButtons -->
        <test-method is-config="true" signature="tearDown()[pri:0, instance:com.bankingaccount.tests.HomePageTest@38ba6ce3]" started-at="2026-03-19T21:43:30 IST" name="tearDown" finished-at="2026-03-19T21:43:30 IST" duration-ms="237" status="PASS">
          <reporter-output>
          </reporter-output>
        </test-method> <!-- tearDown -->
      </class> <!-- com.bankingaccount.tests.HomePageTest -->
      <class name="com.bankingaccount.tests.OpenAccountTest">
        <test-method is-config="true" signature="setUp()[pri:0, instance:com.bankingaccount.tests.OpenAccountTest@d278d2b]" started-at="2026-03-19T21:43:30 IST" name="setUp" finished-at="2026-03-19T21:43:32 IST" duration-ms="1804" status="PASS">
          <reporter-output>
          </reporter-output>
        </test-method> <!-- setUp -->
        <test-method is-config="true" signature="setUpPages()[pri:0, instance:com.bankingaccount.tests.OpenAccountTest@d278d2b]" started-at="2026-03-19T21:43:32 IST" name="setUpPages" finished-at="2026-03-19T21:43:32 IST" duration-ms="7" status="PASS">
          <reporter-output>
          </reporter-output>
        </test-method> <!-- setUpPages -->
        <test-method signature="errorMessageIsDisplayedWhenSubmittingEmptyForm(java.lang.String,java.lang.String,java.lang.String)[pri:0, instance:com.bankingaccount.tests.OpenAccountTest@d278d2b]" started-at="2026-03-19T21:43:32 IST" name="errorMessageIsDisplayedWhenSubmittingEmptyForm" data-provider="customerDetails" finished-at="2026-03-19T21:43:34 IST" duration-ms="2331" status="PASS">
          <params>
            <param index="0">
              <value>
                <![CDATA[Tester]]>
              </value>
            </param>
            <param index="1">
              <value>
                <![CDATA[User]]>
              </value>
            </param>
            <param index="2">
              <value>
                <![CDATA[123456]]>
              </value>
            </param>
          </params>
          <reporter-output>
          </reporter-output>
        </test-method> <!-- errorMessageIsDisplayedWhenSubmittingEmptyForm -->
        <test-method is-config="true" signature="tearDown()[pri:0, instance:com.bankingaccount.tests.OpenAccountTest@d278d2b]" started-at="2026-03-19T21:43:34 IST" name="tearDown" finished-at="2026-03-19T21:43:35 IST" duration-ms="231" status="PASS">
          <reporter-output>
          </reporter-output>
        </test-method> <!-- tearDown -->
        <test-method is-config="true" signature="setUp()[pri:0, instance:com.bankingaccount.tests.OpenAccountTest@d278d2b]" started-at="2026-03-19T21:43:35 IST" name="setUp" finished-at="2026-03-19T21:43:37 IST" duration-ms="2226" status="PASS">
          <reporter-output>
          </reporter-output>
        </test-method> <!-- setUp -->
        <test-method is-config="true" signature="setUpPages()[pri:0, instance:com.bankingaccount.tests.OpenAccountTest@d278d2b]" started-at="2026-03-19T21:43:37 IST" name="setUpPages" finished-at="2026-03-19T21:43:37 IST" duration-ms="1" status="PASS">
          <reporter-output>
          </reporter-output>
        </test-method> <!-- setUpPages -->
        <test-method signature="openAccountSuccessfully(java.lang.String,java.lang.String,java.lang.String,java.lang.String,java.lang.String)[pri:0, instance:com.bankingaccount.tests.OpenAccountTest@d278d2b]" started-at="2026-03-19T21:43:37 IST" name="openAccountSuccessfully" data-provider="openAccountDetails" finished-at="2026-03-19T21:43:40 IST" duration-ms="3106" status="PASS">
          <params>
            <param index="0">
              <value>
                <![CDATA[Tester]]>
              </value>
            </param>
            <param index="1">
              <value>
                <![CDATA[User]]>
              </value>
            </param>
            <param index="2">
              <value>
                <![CDATA[123456]]>
              </value>
            </param>
            <param index="3">
              <value>
                <![CDATA[Tester User]]>
              </value>
            </param>
            <param index="4">
              <value>
                <![CDATA[Dollar]]>
              </value>
            </param>
          </params>
          <reporter-output>
          </reporter-output>
        </test-method> <!-- openAccountSuccessfully -->
        <test-method is-config="true" signature="tearDown()[pri:0, instance:com.bankingaccount.tests.OpenAccountTest@d278d2b]" started-at="2026-03-19T21:43:40 IST" name="tearDown" finished-at="2026-03-19T21:43:40 IST" duration-ms="258" status="PASS">
          <reporter-output>
          </reporter-output>
        </test-method> <!-- tearDown -->
        <test-method is-config="true" signature="setUp()[pri:0, instance:com.bankingaccount.tests.OpenAccountTest@d278d2b]" started-at="2026-03-19T21:43:40 IST" name="setUp" finished-at="2026-03-19T21:43:42 IST" duration-ms="1985" status="PASS">
          <reporter-output>
          </reporter-output>
        </test-method> <!-- setUp -->
        <test-method is-config="true" signature="setUpPages()[pri:0, instance:com.bankingaccount.tests.OpenAccountTest@d278d2b]" started-at="2026-03-19T21:43:42 IST" name="setUpPages" finished-at="2026-03-19T21:43:42 IST" duration-ms="2" status="PASS">
          <reporter-output>
          </reporter-output>
        </test-method> <!-- setUpPages -->
        <test-method signature="verifyOpenAccountPageElements(java.lang.String,java.lang.String,java.lang.String)[pri:0, instance:com.bankingaccount.tests.OpenAccountTest@d278d2b]" started-at="2026-03-19T21:43:42 IST" name="verifyOpenAccountPageElements" data-provider="customerDetails" finished-at="2026-03-19T21:43:45 IST" duration-ms="2250" status="PASS">
          <params>
            <param index="0">
              <value>
                <![CDATA[Tester]]>
              </value>
            </param>
            <param index="1">
              <value>
                <![CDATA[User]]>
              </value>
            </param>
            <param index="2">
              <value>
                <![CDATA[123456]]>
              </value>
            </param>
          </params>
          <reporter-output>
          </reporter-output>
        </test-method> <!-- verifyOpenAccountPageElements -->
        <test-method is-config="true" signature="tearDown()[pri:0, instance:com.bankingaccount.tests.OpenAccountTest@d278d2b]" started-at="2026-03-19T21:43:45 IST" name="tearDown" finished-at="2026-03-19T21:43:45 IST" duration-ms="235" status="PASS">
          <reporter-output>
          </reporter-output>
        </test-method> <!-- tearDown -->
      </class> <!-- com.bankingaccount.tests.OpenAccountTest -->
      <class name="com.bankingaccount.tests.AddAccountTest">
        <test-method is-config="true" signature="loadConfiguration()[pri:0, instance:com.bankingaccount.tests.AddAccountTest@5a9f4771]" started-at="2026-03-19T21:42:49 IST" name="loadConfiguration" finished-at="2026-03-19T21:42:49 IST" duration-ms="48" status="PASS">
          <reporter-output>
          </reporter-output>
        </test-method> <!-- loadConfiguration -->
        <test-method is-config="true" signature="setUp()[pri:0, instance:com.bankingaccount.tests.AddAccountTest@5a9f4771]" started-at="2026-03-19T21:42:49 IST" name="setUp" finished-at="2026-03-19T21:43:05 IST" duration-ms="16168" status="PASS">
          <reporter-output>
          </reporter-output>
        </test-method> <!-- setUp -->
        <test-method is-config="true" signature="setUpPages()[pri:0, instance:com.bankingaccount.tests.AddAccountTest@5a9f4771]" started-at="2026-03-19T21:43:05 IST" name="setUpPages" finished-at="2026-03-19T21:43:05 IST" duration-ms="3" status="PASS">
          <reporter-output>
          </reporter-output>
        </test-method> <!-- setUpPages -->
        <test-method signature="VerifyAddCustomersPageElements()[pri:0, instance:com.bankingaccount.tests.AddAccountTest@5a9f4771]" started-at="2026-03-19T21:43:05 IST" name="VerifyAddCustomersPageElements" finished-at="2026-03-19T21:43:07 IST" duration-ms="2270" status="PASS">
          <reporter-output>
          </reporter-output>
        </test-method> <!-- VerifyAddCustomersPageElements -->
        <test-method is-config="true" signature="tearDown()[pri:0, instance:com.bankingaccount.tests.AddAccountTest@5a9f4771]" started-at="2026-03-19T21:43:07 IST" name="tearDown" finished-at="2026-03-19T21:43:08 IST" duration-ms="320" status="PASS">
          <reporter-output>
          </reporter-output>
        </test-method> <!-- tearDown -->
        <test-method is-config="true" signature="setUp()[pri:0, instance:com.bankingaccount.tests.AddAccountTest@5a9f4771]" started-at="2026-03-19T21:43:09 IST" name="setUp" finished-at="2026-03-19T21:43:13 IST" duration-ms="4073" status="PASS">
          <reporter-output>
          </reporter-output>
        </test-method> <!-- setUp -->
        <test-method is-config="true" signature="setUpPages()[pri:0, instance:com.bankingaccount.tests.AddAccountTest@5a9f4771]" started-at="2026-03-19T21:43:13 IST" name="setUpPages" finished-at="2026-03-19T21:43:13 IST" duration-ms="2" status="PASS">
          <reporter-output>
          </reporter-output>
        </test-method> <!-- setUpPages -->
        <test-method signature="verfyAddCustomerSuccessfully(java.lang.String,java.lang.String,java.lang.String)[pri:0, instance:com.bankingaccount.tests.AddAccountTest@5a9f4771]" started-at="2026-03-19T21:43:13 IST" name="verfyAddCustomerSuccessfully" data-provider="customerDetails" finished-at="2026-03-19T21:43:15 IST" duration-ms="2109" status="PASS">
          <params>
            <param index="0">
              <value>
                <![CDATA[Tester]]>
              </value>
            </param>
            <param index="1">
              <value>
                <![CDATA[User]]>
              </value>
            </param>
            <param index="2">
              <value>
                <![CDATA[123456]]>
              </value>
            </param>
          </params>
          <reporter-output>
          </reporter-output>
        </test-method> <!-- verfyAddCustomerSuccessfully -->
        <test-method is-config="true" signature="tearDown()[pri:0, instance:com.bankingaccount.tests.AddAccountTest@5a9f4771]" started-at="2026-03-19T21:43:15 IST" name="tearDown" finished-at="2026-03-19T21:43:15 IST" duration-ms="294" status="PASS">
          <reporter-output>
          </reporter-output>
        </test-method> <!-- tearDown -->
        <test-method is-config="true" signature="setUp()[pri:0, instance:com.bankingaccount.tests.AddAccountTest@5a9f4771]" started-at="2026-03-19T21:43:15 IST" name="setUp" finished-at="2026-03-19T21:43:18 IST" duration-ms="2925" status="PASS">
          <reporter-output>
          </reporter-output>
        </test-method> <!-- setUp -->
        <test-method is-config="true" signature="setUpPages()[pri:0, instance:com.bankingaccount.tests.AddAccountTest@5a9f4771]" started-at="2026-03-19T21:43:18 IST" name="setUpPages" finished-at="2026-03-19T21:43:18 IST" duration-ms="0" status="PASS">
          <reporter-output>
          </reporter-output>
        </test-method> <!-- setUpPages -->
        <test-method signature="verifyTheErrorMessageIsDisplayedWhenSubmittingEmptyForm()[pri:0, instance:com.bankingaccount.tests.AddAccountTest@5a9f4771]" started-at="2026-03-19T21:43:18 IST" name="verifyTheErrorMessageIsDisplayedWhenSubmittingEmptyForm" finished-at="2026-03-19T21:43:20 IST" duration-ms="1971" status="PASS">
          <reporter-output>
          </reporter-output>
        </test-method> <!-- verifyTheErrorMessageIsDisplayedWhenSubmittingEmptyForm -->
        <test-method is-config="true" signature="tearDown()[pri:0, instance:com.bankingaccount.tests.AddAccountTest@5a9f4771]" started-at="2026-03-19T21:43:20 IST" name="tearDown" finished-at="2026-03-19T21:43:20 IST" duration-ms="241" status="PASS">
          <reporter-output>
          </reporter-output>
        </test-method> <!-- tearDown -->
      </class> <!-- com.bankingaccount.tests.AddAccountTest -->
    </test> <!-- Surefire test -->
  </suite> <!-- Surefire suite -->
</testng-results>
