<?xml version="1.0" encoding="UTF-8"?>
<!-- Generated by org.testng.reporters.JUnitReportReporter -->
<testsuite hostname="Shamanth" failures="0" tests="3" name="com.bankingaccount.tests.OpenAccountTest" time="17.876" errors="0" timestamp="2026-03-19T21:35:01 IST" skipped="0">
  <testcase classname="com.bankingaccount.tests.OpenAccountTest" name="errorMessageIsDisplayedWhenSubmittingEmptyForm" time="5.465"/>
  <testcase classname="com.bankingaccount.tests.OpenAccountTest" name="openAccountSuccessfully" time="7.127"/>
  <testcase classname="com.bankingaccount.tests.OpenAccountTest" name="verifyOpenAccountPageElements" time="5.284"/>
</testsuite> <!-- com.bankingaccount.tests.OpenAccountTest -->
