<?xml version="1.0" encoding="UTF-8"?>
<!-- Generated by org.testng.reporters.JUnitReportReporter -->
<testsuite hostname="Shamanth" failures="0" tests="3" name="com.bankingaccount.tests.HomePageTest" time="11.280" errors="0" timestamp="2026-03-19T21:35:01 IST" skipped="0">
  <testcase classname="com.bankingaccount.tests.HomePageTest" name="verifyCustomerLoginButtonFunctionality" time="3.645"/>
  <testcase classname="com.bankingaccount.tests.HomePageTest" name="verifyHomePageButtons" time="3.779"/>
  <testcase classname="com.bankingaccount.tests.HomePageTest" name="verifyBankManagerLoginButtonFunctionality" time="3.856"/>
</testsuite> <!-- com.bankingaccount.tests.HomePageTest -->
