<?xml version="1.0" encoding="UTF-8"?>
<!-- Generated by org.testng.reporters.JUnitReportReporter -->
<testsuite hostname="Shamanth" failures="0" tests="3" name="com.bankingaccount.tests.AddAccountTest" time="18.962" errors="0" timestamp="2026-03-19T21:35:01 IST" skipped="0">
  <testcase classname="com.bankingaccount.tests.AddAccountTest" name="VerifyAddCustomersPageElements" time="5.363"/>
  <testcase classname="com.bankingaccount.tests.AddAccountTest" name="verfyAddCustomerSuccessfully" time="5.535"/>
  <testcase classname="com.bankingaccount.tests.AddAccountTest" name="verifyTheErrorMessageIsDisplayedWhenSubmittingEmptyForm" time="8.064"/>
</testsuite> <!-- com.bankingaccount.tests.AddAccountTest -->
