<?xml version="1.0" encoding="UTF-8"?>
<!-- Generated by org.testng.reporters.JUnitReportReporter -->
<testsuite hostname="Shamanth" failures="0" tests="3" name="com.bankingaccount.tests.HomePageTest" time="9.674" errors="0" timestamp="2026-03-19T21:43:45 IST" skipped="0">
  <testcase classname="com.bankingaccount.tests.HomePageTest" name="verifyBankManagerLoginButtonFunctionality" time="3.661"/>
  <testcase classname="com.bankingaccount.tests.HomePageTest" name="verifyCustomerLoginButtonFunctionality" time="3.157"/>
  <testcase classname="com.bankingaccount.tests.HomePageTest" name="verifyHomePageButtons" time="2.856"/>
</testsuite> <!-- com.bankingaccount.tests.HomePageTest -->
