<?xml version="1.0" encoding="UTF-8"?>
<!-- Generated by org.testng.reporters.JUnitReportReporter -->
<testsuite hostname="Shamanth" failures="0" tests="3" name="com.bankingaccount.tests.AddAccountTest" time="30.376" errors="0" timestamp="2026-03-19T21:43:45 IST" skipped="0">
  <testcase classname="com.bankingaccount.tests.AddAccountTest" name="VerifyAddCustomersPageElements" time="18.758"/>
  <testcase classname="com.bankingaccount.tests.AddAccountTest" name="verfyAddCustomerSuccessfully" time="6.479"/>
  <testcase classname="com.bankingaccount.tests.AddAccountTest" name="verifyTheErrorMessageIsDisplayedWhenSubmittingEmptyForm" time="5.139"/>
</testsuite> <!-- com.bankingaccount.tests.AddAccountTest -->
