<?xml version="1.0" encoding="UTF-8"?>
<!-- Generated by org.testng.reporters.JUnitReportReporter -->
<testsuite hostname="Shamanth" failures="0" tests="3" name="com.bankingaccount.tests.OpenAccountTest" time="14.436" errors="0" timestamp="2026-03-19T21:43:45 IST" skipped="0">
  <testcase classname="com.bankingaccount.tests.OpenAccountTest" name="verifyOpenAccountPageElements" time="4.292"/>
  <testcase classname="com.bankingaccount.tests.OpenAccountTest" name="openAccountSuccessfully" time="5.328"/>
  <testcase classname="com.bankingaccount.tests.OpenAccountTest" name="errorMessageIsDisplayedWhenSubmittingEmptyForm" time="4.816"/>
</testsuite> <!-- com.bankingaccount.tests.OpenAccountTest -->
